Average Mean Temperature: 14.59 °C
Average Temperature Standard Deviation: 6.82
Number of buildings with ≥50% area above 18ºC: 742
Number of buildings with ≥50% area below 15ºC: 2552

------------------------------------------------------------
Sender: LSF System <lsfadmin@hpc.dtu.dk>
Subject: Job 24775465: <processing> in cluster <dcc> Done

Job <processing> was submitted from host <n-62-27-17> by user <s242777> in cluster <dcc> at Wed Apr 23 19:49:28 2025
Job was executed on host(s) <n-62-31-24>, in queue <hpc>, as user <s242777> in cluster <dcc> at Wed Apr 23 19:49:29 2025
</zhome/2c/a/213957> was used as the home directory.
</zhome/2c/a/213957/malaka_performance/source_MMB/ex12> was used as the working directory.
Started at Wed Apr 23 19:49:29 2025
Terminated at Wed Apr 23 19:49:35 2025
Results reported at Wed Apr 23 19:49:35 2025

Your job looked like:

------------------------------------------------------------
# LSBATCH: User input
#!/bin/bash
#BSUB -J processing
#BSUB -q hpc
#BSUB -W 0:30
#BSUB -n 1
#BSUB -R "rusage[mem=1GB]"
#BSUB -o output/processing_%J.out
#BSUB -e output/processing_%J.err

source /dtu/projects/02613_2025/conda/conda_init.sh
conda activate 02613

python "processing.py"
------------------------------------------------------------

Successfully completed.

Resource usage summary:

    CPU time :                                   3.74 sec.
    Max Memory :                                 -
    Average Memory :                             -
    Total Requested Memory :                     1024.00 MB
    Delta Memory :                               -
    Max Swap :                                   -
    Max Processes :                              -
    Max Threads :                                -
    Run time :                                   16 sec.
    Turnaround time :                            7 sec.

The output (if any) is above this job summary.



PS:

Read file <output/processing_24775465.err> for stderr output of this job.

