   building_id   mean_temp   std_temp   pct_above_18   pct_below_15
0        10000   14.016693   6.367648      30.966330      55.475390
1        10009   11.008222   5.809701      16.688863      74.940949
2        10014   14.730376   7.045436      38.232121      52.867409
3        10019   14.722871   7.037383      38.120670      52.976063
4        10029   10.622472   6.312488      18.255632      74.513018
Average Mean Temperature: 14.59 °C
Average Temperature Standard Deviation: 6.82
Number of buildings with ≥50% area above 18ºC: 742
Number of buildings with ≥50% area below 15ºC: 2552

------------------------------------------------------------
Sender: LSF System <lsfadmin@hpc.dtu.dk>
Subject: Job 24775331: <processing> in cluster <dcc> Done

Job <processing> was submitted from host <n-62-20-9> by user <s242777> in cluster <dcc> at Wed Apr 23 19:27:43 2025
Job was executed on host(s) <n-62-31-23>, in queue <hpc>, as user <s242777> in cluster <dcc> at Wed Apr 23 19:27:45 2025
</zhome/2c/a/213957> was used as the home directory.
</zhome/2c/a/213957/malaka_performance/source_MMB/ex12> was used as the working directory.
Started at Wed Apr 23 19:27:45 2025
Terminated at Wed Apr 23 19:27:50 2025
Results reported at Wed Apr 23 19:27:50 2025

Your job looked like:

------------------------------------------------------------
# LSBATCH: User input
#!/bin/bash
#BSUB -J processing
#BSUB -q hpc
#BSUB -W 0:30
#BSUB -n 1
#BSUB -R "rusage[mem=1GB]"
#BSUB -o output/processing_%J.out
#BSUB -e output/processing_%J.err

source /dtu/projects/02613_2025/conda/conda_init.sh
conda activate 02613

python "processing.py"
------------------------------------------------------------

Successfully completed.

Resource usage summary:

    CPU time :                                   3.53 sec.
    Max Memory :                                 -
    Average Memory :                             -
    Total Requested Memory :                     1024.00 MB
    Delta Memory :                               -
    Max Swap :                                   -
    Max Processes :                              -
    Max Threads :                                -
    Run time :                                   6 sec.
    Turnaround time :                            7 sec.

The output (if any) is above this job summary.



PS:

Read file <output/processing_24775331.err> for stderr output of this job.

