
------------------------------------------------------------
Sender: LSF System <lsfadmin@hpc.dtu.dk>
Subject: Job 24697574: <dev50> in cluster <dcc> Done

Job <dev50> was submitted from host <n-62-27-23> by user <s242777> in cluster <dcc> at Thu Apr 17 14:05:51 2025
Job was executed on host(s) <n-62-11-66>, in queue <hpc>, as user <s242777> in cluster <dcc> at Thu Apr 17 14:05:52 2025
</zhome/2c/a/213957> was used as the home directory.
</zhome/2c/a/213957/malaka_performance/source_MMB/Amdahl_simulations> was used as the working directory.
Started at Thu Apr 17 14:05:52 2025
Terminated at Thu Apr 17 14:15:29 2025
Results reported at Thu Apr 17 14:15:29 2025

Your job looked like:

------------------------------------------------------------
# LSBATCH: User input
#!/bin/bash
#BSUB -J dev50
#BSUB -q hpc
#BSUB -W 1:00
#BSUB -n 1
#BSUB -R "rusage[mem=10GB]"
#BSUB -o checkN50c_%J.out
#BSUB -e checkN50c_%J.err

source /dtu/projects/02613_2025/conda/conda_init.sh
conda activate 02613

python "deviations.py" 50
------------------------------------------------------------

Successfully completed.

Resource usage summary:

    CPU time :                                   576.18 sec.
    Max Memory :                                 250 MB
    Average Memory :                             214.43 MB
    Total Requested Memory :                     10240.00 MB
    Delta Memory :                               9990.00 MB
    Max Swap :                                   -
    Max Processes :                              4
    Max Threads :                                5
    Run time :                                   598 sec.
    Turnaround time :                            578 sec.

The output (if any) is above this job summary.



PS:

Read file <checkN50c_24697574.err> for stderr output of this job.

