
------------------------------------------------------------
Sender: LSF System <lsfadmin@hpc.dtu.dk>
Subject: Job 24735099: <dev10> in cluster <dcc> Done

Job <dev10> was submitted from host <n-62-30-7> by user <s242777> in cluster <dcc> at Fri Apr 18 18:10:43 2025
Job was executed on host(s) <n-62-31-2>, in queue <hpc>, as user <s242777> in cluster <dcc> at Fri Apr 18 18:10:45 2025
</zhome/2c/a/213957> was used as the home directory.
</zhome/2c/a/213957/malaka_performance/source_MMB/Amdahl_simulations> was used as the working directory.
Started at Fri Apr 18 18:10:45 2025
Terminated at Fri Apr 18 18:13:29 2025
Results reported at Fri Apr 18 18:13:29 2025

Your job looked like:

------------------------------------------------------------
# LSBATCH: User input
#!/bin/bash
#BSUB -J dev10
#BSUB -q hpc
#BSUB -W 1:00
#BSUB -n 1
#BSUB -R "rusage[mem=10GB]"
#BSUB -o checkN10c_%J.out
#BSUB -e checkN10c_%J.err

source /dtu/projects/02613_2025/conda/conda_init.sh
conda activate 02613

python "deviations.py" 10
------------------------------------------------------------

Successfully completed.

Resource usage summary:

    CPU time :                                   163.43 sec.
    Max Memory :                                 76 MB
    Average Memory :                             73.00 MB
    Total Requested Memory :                     10240.00 MB
    Delta Memory :                               10164.00 MB
    Max Swap :                                   -
    Max Processes :                              4
    Max Threads :                                5
    Run time :                                   166 sec.
    Turnaround time :                            166 sec.

The output (if any) is above this job summary.



PS:

Read file <checkN10c_24735099.err> for stderr output of this job.

