
------------------------------------------------------------
Sender: LSF System <lsfadmin@hpc.dtu.dk>
Subject: Job 24697569: <timing> in cluster <dcc> Done

Job <timing> was submitted from host <n-62-27-23> by user <s242777> in cluster <dcc> at Thu Apr 17 14:03:41 2025
Job was executed on host(s) <n-62-11-60>, in queue <hpc>, as user <s242777> in cluster <dcc> at Thu Apr 17 14:03:43 2025
</zhome/2c/a/213957> was used as the home directory.
</zhome/2c/a/213957/malaka_performance/source_MMB/Amdahl_simulations> was used as the working directory.
Started at Thu Apr 17 14:03:43 2025
Terminated at Thu Apr 17 14:07:09 2025
Results reported at Thu Apr 17 14:07:09 2025

Your job looked like:

------------------------------------------------------------
# LSBATCH: User input
#!/bin/bash
#BSUB -J timing
#BSUB -q hpc
#BSUB -W 1:00
#BSUB -n 1
#BSUB -R "rusage[mem=10GB]"
#BSUB -o checkN20c_%J.out
#BSUB -e checkN20c_%J.err

source /dtu/projects/02613_2025/conda/conda_init.sh
conda activate 02613

python "deviations.py" 20
------------------------------------------------------------

Successfully completed.

Resource usage summary:

    CPU time :                                   205.15 sec.
    Max Memory :                                 103 MB
    Average Memory :                             98.00 MB
    Total Requested Memory :                     10240.00 MB
    Delta Memory :                               10137.00 MB
    Max Swap :                                   -
    Max Processes :                              4
    Max Threads :                                5
    Run time :                                   206 sec.
    Turnaround time :                            208 sec.

The output (if any) is above this job summary.



PS:

Read file <checkN20c_24697569.err> for stderr output of this job.

