ERROR: Unable to locate a modulefile for 'python3/3.8.11'
ERROR: Unable to locate a modulefile for 'cuda/8.0'
Loading cudnn/v7.0-prod-cuda8
  Module ERROR: couldn't read file "/apps/dcc/etc/ModulesSL64/modulebase/cudnn":
    no such file or directory
        while executing
    "source /apps/dcc/etc/ModulesSL64/modulebase/cudnn"
        (file "/apps/dcc/etc/ModulesAlma92/modulefiles/cudnn/v7.0-prod-cuda8"
    line 9)
    Please contact <root@localhost>
ERROR: Unable to locate a modulefile for 'ffmpeg/4.2.2'
Loaded module: cuda/11.8

real	1m30.493s
user	5m37.451s
sys	0m0.606s
Traceback (most recent call last):
  File "/zhome/3e/b/164967/Documents/HPC_02613/malaka_performance/source_PFCA/./simulate_static_scheduling.py", line 75, in <module>
    all_results = {bid: res for result in results_async for bid, res in result.items()}
  File "/zhome/3e/b/164967/Documents/HPC_02613/malaka_performance/source_PFCA/./simulate_static_scheduling.py", line 75, in <dictcomp>
    all_results = {bid: res for result in results_async for bid, res in result.items()}
AttributeError: 'ApplyResult' object has no attribute 'items'

real	0m0.469s
user	0m0.392s
sys	0m0.112s
