ERROR: Unable to locate a modulefile for 'python3/3.8.11'
ERROR: Unable to locate a modulefile for 'cuda/8.0'
Loading cudnn/v7.0-prod-cuda8
  Module ERROR: couldn't read file "/apps/dcc/etc/ModulesSL64/modulebase/cudnn":
    no such file or directory
        while executing
    "source /apps/dcc/etc/ModulesSL64/modulebase/cudnn"
        (file "/apps/dcc/etc/ModulesAlma92/modulefiles/cudnn/v7.0-prod-cuda8"
    line 9)
    Please contact <root@localhost>
ERROR: Unable to locate a modulefile for 'ffmpeg/4.2.2'
Loaded module: cuda/11.8
WARNING: CPU IP/backtrace sampling not supported, disabling.
Try the 'nsys status --environment' command to learn more.

WARNING: CPU context switch tracing not supported, disabling.
Try the 'nsys status --environment' command to learn more.

Traceback (most recent call last):
  File "/zhome/3e/b/164967/Documents/HPC_02613/malaka_performance/source_PFCA/Assignment_9_partial.py", line 67, in <module>
    u0, interior_mask = load_data(LOAD_DIR, bid)
                        ^^^^^^^^^^^^^^^^^^^^^^^^
  File "/zhome/3e/b/164967/Documents/HPC_02613/malaka_performance/source_PFCA/Assignment_9_partial.py", line 17, in load_data
    interior_mask = np.asarray(cp.load(join(load_dir, f"{bid}_interior.npy")))
                    ^^^^^^^^^^^^^^^^^^^^^^^^^^^^^^^^^^^^^^^^^^^^^^^^^^^^^^^^^^
  File "cupy/_core/core.pyx", line 1475, in cupy._core.core._ndarray_base.__array__
TypeError: Implicit conversion to a NumPy array is not allowed. Please use `.get()` to construct a NumPy array explicitly.
