ERROR: Unable to locate a modulefile for 'python3/3.8.11'
ERROR: Unable to locate a modulefile for 'cuda/8.0'
Loading cudnn/v7.0-prod-cuda8
  Module ERROR: couldn't read file "/apps/dcc/etc/ModulesSL64/modulebase/cudnn":
    no such file or directory
        while executing
    "source /apps/dcc/etc/ModulesSL64/modulebase/cudnn"
        (file "/apps/dcc/etc/ModulesAlma92/modulefiles/cudnn/v7.0-prod-cuda8"
    line 9)
    Please contact <root@localhost>
ERROR: Unable to locate a modulefile for 'ffmpeg/4.2.2'
Loaded module: cuda/11.8

real	3m40.905s
user	25m26.534s
sys	0m1.767s

real	3m36.914s
user	25m8.855s
sys	0m1.777s

real	3m36.492s
user	25m1.063s
sys	0m1.697s

real	4m5.146s
user	25m13.329s
sys	0m1.599s

real	4m47.599s
user	25m8.587s
sys	0m1.814s

real	5m17.118s
user	23m26.863s
sys	0m2.105s

real	6m35.458s
user	23m3.892s
sys	0m2.344s
