ERROR: Unable to locate a modulefile for 'python3/3.8.11'
ERROR: Unable to locate a modulefile for 'cuda/8.0'
Loading cudnn/v7.0-prod-cuda8
  Module ERROR: couldn't read file "/apps/dcc/etc/ModulesSL64/modulebase/cudnn":
    no such file or directory
        while executing
    "source /apps/dcc/etc/ModulesSL64/modulebase/cudnn"
        (file "/apps/dcc/etc/ModulesAlma92/modulefiles/cudnn/v7.0-prod-cuda8"
    line 9)
    Please contact <root@localhost>
ERROR: Unable to locate a modulefile for 'ffmpeg/4.2.2'
Loaded module: cuda/11.8

real	11m54.536s
user	23m35.457s
sys	0m1.379s

real	7m29.530s
user	25m49.839s
sys	0m1.366s

real	6m27.757s
user	34m19.642s
sys	0m0.947s

real	9m23.154s
user	31m22.333s
sys	0m1.054s
