ERROR: Unable to locate a modulefile for 'python3/3.8.11'
ERROR: Unable to locate a modulefile for 'cuda/8.0'
Loading cudnn/v7.0-prod-cuda8
  Module ERROR: couldn't read file "/apps/dcc/etc/ModulesSL64/modulebase/cudnn":
    no such file or directory
        while executing
    "source /apps/dcc/etc/ModulesSL64/modulebase/cudnn"
        (file "/apps/dcc/etc/ModulesAlma92/modulefiles/cudnn/v7.0-prod-cuda8"
    line 9)
    Please contact <root@localhost>
ERROR: Unable to locate a modulefile for 'ffmpeg/4.2.2'
Loaded module: cuda/11.8
WARNING: CPU IP/backtrace sampling not supported, disabling.
Try the 'nsys status --environment' command to learn more.

WARNING: CPU context switch tracing not supported, disabling.
Try the 'nsys status --environment' command to learn more.

Traceback (most recent call last):
  File "/zhome/3e/b/164967/Documents/HPC_02613/malaka_performance/source_PFCA/Assignment_9.py", line 76, in <module>
    all_u[i] = u
    ~~~~~^^^
  File "cupy/_core/core.pyx", line 1588, in cupy._core.core._ndarray_base.__setitem__
  File "cupy/_core/_routines_indexing.pyx", line 50, in cupy._core._routines_indexing._ndarray_setitem
  File "cupy/_core/_routines_indexing.pyx", line 1016, in cupy._core._routines_indexing._scatter_op
  File "cupy/_core/core.pyx", line 732, in cupy._core.core._ndarray_base.fill
ValueError: non-scalar numpy.ndarray cannot be used for fill
Failed to create '/zhome/3e/b/164967/Documents/HPC_02613/malaka_performance/source_PFCA/output_profiler_10.nsys-rep': File exists.
Use `--force-overwrite true` to overwrite existing files.
