ERROR: Unable to locate a modulefile for 'python3/3.8.11'
ERROR: Unable to locate a modulefile for 'cuda/8.0'
Loading cudnn/v7.0-prod-cuda8
  Module ERROR: couldn't read file "/apps/dcc/etc/ModulesSL64/modulebase/cudnn":
    no such file or directory
        while executing
    "source /apps/dcc/etc/ModulesSL64/modulebase/cudnn"
        (file "/apps/dcc/etc/ModulesAlma92/modulefiles/cudnn/v7.0-prod-cuda8"
    line 9)
    Please contact <root@localhost>
ERROR: Unable to locate a modulefile for 'ffmpeg/4.2.2'
Loaded module: cuda/11.8
Traceback (most recent call last):
  File "/zhome/3e/b/164967/Documents/HPC_02613/malaka_performance/source_PFCA/./Try.py", line 57, in <module>
    results_list = pool.starmap(process_floorplans, [(chunk, LOAD_DIR, MAX_ITER, ABS_TOL) for chunk in chunks])
  File "/usr/lib64/python3.9/multiprocessing/pool.py", line 372, in starmap
    return self._map_async(func, iterable, starmapstar, chunksize).get()
  File "/usr/lib64/python3.9/multiprocessing/pool.py", line 765, in get
    self.wait(timeout)
  File "/usr/lib64/python3.9/multiprocessing/pool.py", line 762, in wait
    self._event.wait(timeout)
  File "/usr/lib64/python3.9/threading.py", line 581, in wait
    signaled = self._cond.wait(timeout)
  File "/usr/lib64/python3.9/threading.py", line 312, in wait
    waiter.acquire()
KeyboardInterrupt
