ERROR: Unable to locate a modulefile for 'python3/3.8.11'
ERROR: Unable to locate a modulefile for 'cuda/8.0'
Loading cudnn/v7.0-prod-cuda8
  Module ERROR: couldn't read file "/apps/dcc/etc/ModulesSL64/modulebase/cudnn":
    no such file or directory
        while executing
    "source /apps/dcc/etc/ModulesSL64/modulebase/cudnn"
        (file "/apps/dcc/etc/ModulesAlma92/modulefiles/cudnn/v7.0-prod-cuda8"
    line 9)
    Please contact <root@localhost>
ERROR: Unable to locate a modulefile for 'ffmpeg/4.2.2'
Loaded module: cuda/11.8

real	5m18.058s
user	23m15.426s
sys	0m2.365s

real	5m57.713s
user	22m29.603s
sys	0m2.009s

real	6m38.406s
user	23m50.843s
sys	0m2.726s

real	9m12.538s
user	23m22.510s
sys	0m2.051s

real	11m35.084s
user	21m34.768s
sys	0m1.920s
