ERROR: Unable to locate a modulefile for 'python3/3.8.11'
ERROR: Unable to locate a modulefile for 'cuda/8.0'
Loading cudnn/v7.0-prod-cuda8
  Module ERROR: couldn't read file "/apps/dcc/etc/ModulesSL64/modulebase/cudnn":
    no such file or directory
        while executing
    "source /apps/dcc/etc/ModulesSL64/modulebase/cudnn"
        (file "/apps/dcc/etc/ModulesAlma92/modulefiles/cudnn/v7.0-prod-cuda8"
    line 9)
    Please contact <root@localhost>
ERROR: Unable to locate a modulefile for 'ffmpeg/4.2.2'
Loaded module: cuda/11.8

real	7m30.542s
user	24m17.693s
sys	0m1.192s

real	7m46.427s
user	24m47.024s
sys	0m1.366s

real	15m7.100s
user	25m47.050s
sys	0m1.305s

real	6m15.818s
user	31m9.765s
sys	0m1.339s

real	8m6.388s
user	28m11.141s
sys	0m1.556s

real	14m15.902s
user	23m50.020s
sys	0m1.441s
