ERROR: Unable to locate a modulefile for 'python3/3.8.11'
ERROR: Unable to locate a modulefile for 'cuda/8.0'
Loading cudnn/v7.0-prod-cuda8
  Module ERROR: couldn't read file "/apps/dcc/etc/ModulesSL64/modulebase/cudnn":
    no such file or directory
        while executing
    "source /apps/dcc/etc/ModulesSL64/modulebase/cudnn"
        (file "/apps/dcc/etc/ModulesAlma92/modulefiles/cudnn/v7.0-prod-cuda8"
    line 9)
    Please contact <root@localhost>
ERROR: Unable to locate a modulefile for 'ffmpeg/4.2.2'
Loaded module: cuda/11.8

real	4m20.575s
user	41m46.971s
sys	0m1.911s

real	4m15.503s
user	41m39.019s
sys	0m1.839s

real	4m21.548s
user	42m42.264s
sys	0m1.952s

real	4m5.427s
user	44m4.409s
sys	0m1.849s

real	4m11.170s
user	44m33.499s
sys	0m1.704s

real	4m16.386s
user	45m45.990s
sys	0m1.833s

real	4m20.323s
user	47m8.267s
sys	0m1.960s
