ERROR: Unable to locate a modulefile for 'python3/3.8.11'
ERROR: Unable to locate a modulefile for 'cuda/8.0'
Loading cudnn/v7.0-prod-cuda8
  Module ERROR: couldn't read file "/apps/dcc/etc/ModulesSL64/modulebase/cudnn":
    no such file or directory
        while executing
    "source /apps/dcc/etc/ModulesSL64/modulebase/cudnn"
        (file "/apps/dcc/etc/ModulesAlma92/modulefiles/cudnn/v7.0-prod-cuda8"
    line 9)
    Please contact <root@localhost>
ERROR: Unable to locate a modulefile for 'ffmpeg/4.2.2'
Loaded module: cuda/11.8

real	12m21.442s
user	12m20.078s
sys	0m1.734s

real	7m36.023s
user	12m28.122s
sys	0m1.138s

real	4m24.647s
user	12m48.570s
sys	0m1.000s

real	3m17.341s
user	15m38.032s
sys	0m0.969s

real	2m10.200s
user	19m37.784s
sys	0m1.311s

real	2m23.018s
user	24m11.928s
sys	0m1.386s
