ERROR: Unable to locate a modulefile for 'python3/3.8.11'
ERROR: Unable to locate a modulefile for 'cuda/8.0'
Loading cudnn/v7.0-prod-cuda8
  Module ERROR: couldn't read file "/apps/dcc/etc/ModulesSL64/modulebase/cudnn":
    no such file or directory
        while executing
    "source /apps/dcc/etc/ModulesSL64/modulebase/cudnn"
        (file "/apps/dcc/etc/ModulesAlma92/modulefiles/cudnn/v7.0-prod-cuda8"
    line 9)
    Please contact <root@localhost>
ERROR: Unable to locate a modulefile for 'ffmpeg/4.2.2'
Loaded module: cuda/11.8

real	5m39.444s
user	32m44.819s
sys	0m1.827s

real	5m18.114s
user	32m50.494s
sys	0m1.729s

real	5m21.575s
user	33m5.827s
sys	0m1.796s

real	5m4.234s
user	33m8.272s
sys	0m1.786s

real	4m43.985s
user	33m47.792s
sys	0m1.893s

real	4m45.471s
user	34m1.743s
sys	0m2.556s
