ERROR: Unable to locate a modulefile for 'python3/3.8.11'
ERROR: Unable to locate a modulefile for 'cuda/8.0'
Loading cudnn/v7.0-prod-cuda8
  Module ERROR: couldn't read file "/apps/dcc/etc/ModulesSL64/modulebase/cudnn":
    no such file or directory
        while executing
    "source /apps/dcc/etc/ModulesSL64/modulebase/cudnn"
        (file "/apps/dcc/etc/ModulesAlma92/modulefiles/cudnn/v7.0-prod-cuda8"
    line 9)
    Please contact <root@localhost>
ERROR: Unable to locate a modulefile for 'ffmpeg/4.2.2'
Loaded module: cuda/11.8

real	12m10.870s
user	12m9.700s
sys	0m2.260s

real	2m34.950s
user	4m49.498s
sys	0m0.605s

real	1m42.296s
user	5m32.497s
sys	0m0.490s

real	1m10.190s
user	6m46.024s
sys	0m0.563s

real	0m56.149s
user	9m50.007s
sys	0m0.781s

real	0m39.052s
user	10m22.681s
sys	0m0.961s
