ERROR: Unable to locate a modulefile for 'python3/3.8.11'
ERROR: Unable to locate a modulefile for 'cuda/8.0'
Loading cudnn/v7.0-prod-cuda8
  Module ERROR: couldn't read file "/apps/dcc/etc/ModulesSL64/modulebase/cudnn":
    no such file or directory
        while executing
    "source /apps/dcc/etc/ModulesSL64/modulebase/cudnn"
        (file "/apps/dcc/etc/ModulesAlma92/modulefiles/cudnn/v7.0-prod-cuda8"
    line 9)
    Please contact <root@localhost>
ERROR: Unable to locate a modulefile for 'ffmpeg/4.2.2'
Loaded module: cuda/11.8

real	4m17.487s
user	26m52.042s
sys	0m2.185s

real	4m53.962s
user	30m3.775s
sys	0m3.103s

real	5m31.369s
user	29m32.617s
sys	0m2.491s

real	5m10.526s
user	22m58.728s
sys	0m2.096s

real	6m20.775s
user	22m29.926s
sys	0m2.019s

real	11m34.325s
user	21m20.013s
sys	0m1.794s
