building_id, mean_temp, std_temp, pct_above_18, pct_below_15
10000, 14.01233878811275, 6.367431059312565, 30.941014791508444, 55.542295034537624
10009, 11.000135812436373, 5.811144379826625, 16.6712734948236, 74.9723590310584
10014, 14.744169941950119, 7.037733284673848, 38.26367541377415, 52.80837116508215
10019, 14.735524480624482, 7.030325006703675, 38.14915412864569, 52.92926826787113
10029, 10.616037322820358, 6.317331938274926, 18.25563221896085, 74.51301795448481
10031, 12.507072852890545, 6.278432089100354, 24.044722033998173, 66.39513301711693
10051, 13.289039951277402, 5.999085063388632, 25.97693550756574, 62.859923608050536
10053, 11.366493551285709, 6.26121798185875, 19.9510754583921, 72.41052538787024
10056, 14.220114507861702, 6.179461157398302, 31.763454814173965, 57.06174975667784
10064, 12.71696893739585, 6.964227784263683, 28.79137124461432, 62.75688345539249
The computation time for the buildings is 155.13866901397705

------------------------------------------------------------
Sender: LSF System <lsfadmin@hpc.dtu.dk>
Subject: Job 24566578: <blosc_test> in cluster <dcc> Done

Job <blosc_test> was submitted from host <n-62-27-19> by user <s250292> in cluster <dcc> at Thu Apr  3 14:18:24 2025
Job was executed on host(s) <n-62-31-21>, in queue <hpc>, as user <s250292> in cluster <dcc> at Thu Apr  3 14:18:26 2025
</zhome/8f/3/219447> was used as the home directory.
</zhome/8f/3/219447/Desktop/Assignment> was used as the working directory.
Started at Thu Apr  3 14:18:26 2025
Terminated at Thu Apr  3 14:21:03 2025
Results reported at Thu Apr  3 14:21:03 2025

Your job looked like:

------------------------------------------------------------
# LSBATCH: User input

#!/bin/bash
#BSUB -J blosc_test
#BSUB -q hpc
#BSUB -n 1               # Request 1 core
#BSUB -W 10              # Set a time limit of 10 minutes
#BSUB -R "rusage[mem=4GB]"  # Request 4GB of memory
#BSUB -o blosc_%J.out    # Standard output file
#BSUB -e blosc_%J.err    # Error file


# Run the script for different sizes
source /dtu/projects/02613_2025/conda/conda_init.sh
conda activate 02613

python Time_test.py 10
------------------------------------------------------------

Successfully completed.

Resource usage summary:

    CPU time :                                   156.78 sec.
    Max Memory :                                 104 MB
    Average Memory :                             98.00 MB
    Total Requested Memory :                     4096.00 MB
    Delta Memory :                               3992.00 MB
    Max Swap :                                   -
    Max Processes :                              4
    Max Threads :                                5
    Run time :                                   168 sec.
    Turnaround time :                            159 sec.

The output (if any) is above this job summary.



PS:

Read file <blosc_24566578.err> for stderr output of this job.

