333.1340651512146
312.90829277038574
309.2207374572754
294.5973539352417
273.1886887550354
275.58790588378906
274.4616711139679

------------------------------------------------------------
Sender: LSF System <lsfadmin@hpc.dtu.dk>
Subject: Job 24677965: <HPC_mini_project_v0_pfca> in cluster <dcc> Done

Job <HPC_mini_project_v0_pfca> was submitted from host <hpclogin1> by user <pfca> in cluster <dcc> at Wed Apr 16 08:51:53 2025
Job was executed on host(s) <8*n-62-11-54>, in queue <hpc>, as user <pfca> in cluster <dcc> at Wed Apr 16 08:51:55 2025
</zhome/3e/b/164967> was used as the home directory.
</zhome/3e/b/164967/Documents/HPC_02613/malaka_performance/source_PFCA> was used as the working directory.
Started at Wed Apr 16 08:51:55 2025
Terminated at Wed Apr 16 09:26:35 2025
Results reported at Wed Apr 16 09:26:35 2025

Your job looked like:

------------------------------------------------------------
# LSBATCH: User input
#!/bin/bash
#BSUB -J HPC_mini_project_v0_pfca
#BSUB -q hpc
#BSUB -o batch_output_out_recap/Output_%J.out
#BSUB -e batch_output_err_recap/Output_%J.err
#BSUB -W 03:00
#BSUB -n 8
#BSUB -R "rusage[mem=1GB]"
#BSUB -R "span[hosts=1]"
#BSUB -R "select[model == XeonGold6226R]"
# -- end of LSF options -- 

source /dtu/projects/02613_2025/conda/conda_init.sh
conda activate 02613

#time python simulate.py 20

#time python Try_v2.py 100 20
#time python Try_v2.py 100 16
#time python Try_v2.py 100 12
#time python Try_v2.py 100 8
#time python Try_v2.py 100 4
#time python Try_v2.py 100 2

time python Dynamic_starmap.py 100 8 13
time python Dynamic_starmap.py 100 8 10
time python Dynamic_starmap.py 100 8 8
time python Dynamic_starmap.py 100 8 6
time python Dynamic_starmap.py 100 8 4
time python Dynamic_starmap.py 100 8 2
time python Dynamic_starmap.py 100 8 1
------------------------------------------------------------

Successfully completed.

Resource usage summary:

    CPU time :                                   13601.46 sec.
    Max Memory :                                 763 MB
    Average Memory :                             649.76 MB
    Total Requested Memory :                     8192.00 MB
    Delta Memory :                               7429.00 MB
    Max Swap :                                   -
    Max Processes :                              12
    Max Threads :                                16
    Run time :                                   2129 sec.
    Turnaround time :                            2082 sec.

The output (if any) is above this job summary.



PS:

Read file <batch_output_err_recap/Output_24677965.err> for stderr output of this job.

