Generating '/tmp/nsys-report-72d8.qdstrm'
[1/1] [0%                          ] output_profiler_10.nsys-rep[1/1] [0%                          ] output_profiler_10.nsys-rep[1/1] [5%                          ] output_profiler_10.nsys-rep[1/1] [14%                         ] output_profiler_10.nsys-rep[1/1] [====27%                     ] output_profiler_10.nsys-rep[1/1] [========================99% ] output_profiler_10.nsys-rep[1/1] [========================100%] output_profiler_10.nsys-rep[1/1] [========================100%] output_profiler_10.nsys-rep
Generated:
    /zhome/3e/b/164967/Documents/HPC_02613/malaka_performance/source_PFCA/output_profiler_10.nsys-rep
Generating SQLite file output_profiler_10.sqlite from output_profiler_10.nsys-rep
Processing [output_profiler_10.sqlite] with [/appl/cuda/11.8.0/nsight-systems-2022.4.2/host-linux-x64/reports/nvtxsum.py]... 
SKIPPED: output_profiler_10.sqlite does not contain NV Tools Extension (NVTX) data.

Processing [output_profiler_10.sqlite] with [/appl/cuda/11.8.0/nsight-systems-2022.4.2/host-linux-x64/reports/osrtsum.py]... 

 ** OS Runtime Summary (osrtsum):

 Time (%)  Total Time (ns)  Num Calls   Avg (ns)     Med (ns)    Min (ns)  Max (ns)   StdDev (ns)           Name         
 --------  ---------------  ---------  -----------  -----------  --------  ---------  -----------  ----------------------
     32.9        396868444          2  198434222.0  198434222.0   2341546  394526898  277316921.9  sem_wait              
     32.8        395728792         14   28266342.3    6776532.5      1306  149076574   44520644.1  poll                  
     21.5        259544309       1012     256466.7     239832.0      1125    5000125     195466.9  open64                
     10.8        130982860        406     322617.9      11121.5      1017   18596608    1111250.7  ioctl                 
      1.2         14476222       1025      14123.1       3915.0      1000     431269      30839.2  read                  
      0.2          2060636        331       6225.5       1722.0      1083     792432      44041.0  mmap64                
      0.1          1574137         42      37479.5       3786.0      1595     567389     112342.0  fopen                 
      0.1          1378737        296       4657.9       1245.5      1006      35993       6237.6  fgets                 
      0.1          1189217          5     237843.4      32190.0      2783    1111651     488673.7  fread                 
      0.1          1045714        278       3761.6       2470.5      1919      29216       3342.7  munmap                
      0.1           962713          4     240678.3     240194.0     41226     441099     228133.8  pthread_create        
      0.0           584628          8      73078.5       4489.5      3483     401501     142651.7  fopen64               
      0.0           244536         52       4702.6       1371.5      1001     148181      20399.5  fclose                
      0.0           160686          8      20085.8      18239.5     10940      44306      11015.7  sem_timedwait         
      0.0           160246         16      10015.4       7059.0      1986      49147      11473.6  mmap                  
      0.0           141342          1     141342.0     141342.0    141342     141342          0.0  pthread_cond_wait     
      0.0            34466          6       5744.3       6515.5      2608       7867       2256.9  pipe2                 
      0.0            30444          1      30444.0      30444.0     30444      30444          0.0  waitpid               
      0.0            26363         13       2027.9       1506.0      1075       5971       1326.5  write                 
      0.0            25369          6       4228.2       4754.0      1881       6457       1816.8  open                  
      0.0            14993          2       7496.5       7496.5      4761      10232       3868.6  socket                
      0.0             9389          1       9389.0       9389.0      9389       9389          0.0  connect               
      0.0             7877          2       3938.5       3938.5      2639       5238       1837.8  pthread_cond_signal   
      0.0             5285          2       2642.5       2642.5      2531       2754        157.7  pthread_cond_broadcast
      0.0             4894          1       4894.0       4894.0      4894       4894          0.0  fflush                
      0.0             3760          2       1880.0       1880.0      1049       2711       1175.2  fwrite                
      0.0             2683          1       2683.0       2683.0      2683       2683          0.0  fputs                 
      0.0             2650          2       1325.0       1325.0      1241       1409        118.8  sigaction             
      0.0             2274          2       1137.0       1137.0      1036       1238        142.8  fcntl                 
      0.0             1852          1       1852.0       1852.0      1852       1852          0.0  bind                  
      0.0             1336          1       1336.0       1336.0      1336       1336          0.0  pthread_mutex_trylock 
      0.0             1015          1       1015.0       1015.0      1015       1015          0.0  dup2                  

Processing [output_profiler_10.sqlite] with [/appl/cuda/11.8.0/nsight-systems-2022.4.2/host-linux-x64/reports/cudaapisum.py]... 

 ** CUDA API Summary (cudaapisum):

 Time (%)  Total Time (ns)  Num Calls   Avg (ns)    Med (ns)   Min (ns)  Max (ns)   StdDev (ns)           Name         
 --------  ---------------  ---------  ----------  ----------  --------  ---------  -----------  ----------------------
    100.0        140058875          2  70029437.5  70029437.5     75199  139983676   98930232.8  cudaMalloc            
      0.0             1875          1      1875.0      1875.0      1875       1875          0.0  cuModuleGetLoadingMode

Processing [output_profiler_10.sqlite] with [/appl/cuda/11.8.0/nsight-systems-2022.4.2/host-linux-x64/reports/gpukernsum.py]... 
SKIPPED: output_profiler_10.sqlite does not contain CUDA kernel data.

Processing [output_profiler_10.sqlite] with [/appl/cuda/11.8.0/nsight-systems-2022.4.2/host-linux-x64/reports/gpumemtimesum.py]... 
SKIPPED: output_profiler_10.sqlite does not contain GPU memory data.

Processing [output_profiler_10.sqlite] with [/appl/cuda/11.8.0/nsight-systems-2022.4.2/host-linux-x64/reports/gpumemsizesum.py]... 
SKIPPED: output_profiler_10.sqlite does not contain GPU memory data.

Processing [output_profiler_10.sqlite] with [/appl/cuda/11.8.0/nsight-systems-2022.4.2/host-linux-x64/reports/openmpevtsum.py]... 
SKIPPED: output_profiler_10.sqlite does not contain OpenMP event data.

Processing [output_profiler_10.sqlite] with [/appl/cuda/11.8.0/nsight-systems-2022.4.2/host-linux-x64/reports/khrdebugsum.py]... 
SKIPPED: output_profiler_10.sqlite does not contain KHR Extension (KHR_DEBUG) data.

Processing [output_profiler_10.sqlite] with [/appl/cuda/11.8.0/nsight-systems-2022.4.2/host-linux-x64/reports/khrdebuggpusum.py]... 
SKIPPED: output_profiler_10.sqlite does not contain GPU KHR Extension (KHR_DEBUG) data.

Processing [output_profiler_10.sqlite] with [/appl/cuda/11.8.0/nsight-systems-2022.4.2/host-linux-x64/reports/vulkanmarkerssum.py]... 
SKIPPED: output_profiler_10.sqlite does not contain Vulkan Debug Extension (Vulkan Debug Util) data.

Processing [output_profiler_10.sqlite] with [/appl/cuda/11.8.0/nsight-systems-2022.4.2/host-linux-x64/reports/vulkangpumarkersum.py]... 
SKIPPED: output_profiler_10.sqlite does not contain GPU Vulkan Debug Extension (GPU Vulkan Debug markers) data.

Processing [output_profiler_10.sqlite] with [/appl/cuda/11.8.0/nsight-systems-2022.4.2/host-linux-x64/reports/dx11pixsum.py]... 
SKIPPED: output_profiler_10.sqlite does not contain DX11 CPU debug markers.

Processing [output_profiler_10.sqlite] with [/appl/cuda/11.8.0/nsight-systems-2022.4.2/host-linux-x64/reports/dx12gpumarkersum.py]... 
SKIPPED: output_profiler_10.sqlite does not contain DX12 GPU debug markers.

Processing [output_profiler_10.sqlite] with [/appl/cuda/11.8.0/nsight-systems-2022.4.2/host-linux-x64/reports/dx12pixsum.py]... 
SKIPPED: output_profiler_10.sqlite does not contain DX12 CPU debug markers.

Processing [output_profiler_10.sqlite] with [/appl/cuda/11.8.0/nsight-systems-2022.4.2/host-linux-x64/reports/wddmqueuesdetails.py]... 
SKIPPED: output_profiler_10.sqlite does not contain WDDM context data.

Processing [output_profiler_10.sqlite] with [/appl/cuda/11.8.0/nsight-systems-2022.4.2/host-linux-x64/reports/unifiedmemory.py]... 
SKIPPED: output_profiler_10.sqlite does not contain CUDA memory transfers data.

Processing [output_profiler_10.sqlite] with [/appl/cuda/11.8.0/nsight-systems-2022.4.2/host-linux-x64/reports/unifiedmemorytotals.py]... 
SKIPPED: output_profiler_10.sqlite does not contain CUDA memory transfers data.

Processing [output_profiler_10.sqlite] with [/appl/cuda/11.8.0/nsight-systems-2022.4.2/host-linux-x64/reports/umcpupagefaults.py]... 
SKIPPED: output_profiler_10.sqlite does not contain CUDA Unified Memory CPU page faults data.

Processing [output_profiler_10.sqlite] with [/appl/cuda/11.8.0/nsight-systems-2022.4.2/host-linux-x64/reports/openaccsum.py]... 
SKIPPED: output_profiler_10.sqlite does not contain OpenACC event data.


------------------------------------------------------------
Sender: LSF System <lsfadmin@hpc.dtu.dk>
Subject: Job 24644824: <HPC_mini_project_v0_pfca> in cluster <dcc> Done

Job <HPC_mini_project_v0_pfca> was submitted from host <hpclogin1> by user <pfca> in cluster <dcc> at Fri Apr 11 14:36:40 2025
Job was executed on host(s) <4*n-62-12-22>, in queue <c02613>, as user <pfca> in cluster <dcc> at Fri Apr 11 14:36:41 2025
</zhome/3e/b/164967> was used as the home directory.
</zhome/3e/b/164967/Documents/HPC_02613/malaka_performance/source_PFCA> was used as the working directory.
Started at Fri Apr 11 14:36:41 2025
Terminated at Fri Apr 11 14:36:48 2025
Results reported at Fri Apr 11 14:36:48 2025

Your job looked like:

------------------------------------------------------------
# LSBATCH: User input
#!/bin/bash
#BSUB -J HPC_mini_project_v0_pfca
#BSUB -q c02613
#BSUB -o batch_output_out/Output_%J.out
#BSUB -e batch_output_err/Output_%J.err
#BSUB -W 01:00
#BSUB -n 4
#BUSB -gpu "num=1:mode=exclusive_process"
#BSUB -R "rusage[mem=1GB]"
#BSUB -R "span[hosts=1]"
#BSUB -R "select[model == XeonGold6226R]"
# -- end of LSF options -- 

source /dtu/projects/02613_2025/conda/conda_init.sh
conda activate 02613

#kernprof -l simulate.py
nsys profile -o output_profiler_10 python Assignment_9.py 10
nsys stats output_profiler_10.nsys-rep

------------------------------------------------------------

Successfully completed.

Resource usage summary:

    CPU time :                                   1.76 sec.
    Max Memory :                                 -
    Average Memory :                             -
    Total Requested Memory :                     4096.00 MB
    Delta Memory :                               -
    Max Swap :                                   -
    Max Processes :                              -
    Max Threads :                                -
    Run time :                                   67 sec.
    Turnaround time :                            8 sec.

The output (if any) is above this job summary.



PS:

Read file <batch_output_err/Output_24644824.err> for stderr output of this job.

