building_id, mean_temp, std_temp, pct_above_18, pct_below_15
10000, 0.0, 0.0, 0.0, 100.0
10009, 0.0, 0.0, 0.0, 100.0
10014, 0.0, 0.0, 0.0, 100.0
10019, 0.0, 0.0, 0.0, 100.0
10029, 0.0, 0.0, 0.0, 100.0
10031, 0.0, 0.0, 0.0, 100.0
10051, 0.0, 0.0, 0.0, 100.0
10053, 0.0, 0.0, 0.0, 100.0
10056, 0.0, 0.0, 0.0, 100.0
10064, 0.0, 0.0, 0.0, 100.0
10075, 0.0, 0.0, 0.0, 100.0
10079, 0.0, 0.0, 0.0, 100.0
10080, 0.0, 0.0, 0.0, 100.0
10082, 0.0, 0.0, 0.0, 100.0
10083, 0.0, 0.0, 0.0, 100.0
10084, 0.0, 0.0, 0.0, 100.0
10085, 0.0, 0.0, 0.0, 100.0
10086, 0.0, 0.0, 0.0, 100.0
10087, 0.0, 0.0, 0.0, 100.0
10089, 0.0, 0.0, 0.0, 100.0
10090, 0.0, 0.0, 0.0, 100.0
10093, 0.0, 0.0, 0.0, 100.0
10094, 0.0, 0.0, 0.0, 100.0
10097, 0.0, 0.0, 0.0, 100.0

------------------------------------------------------------
Sender: LSF System <lsfadmin@hpc.dtu.dk>
Subject: Job 24577252: <HPC_mini_project_v0_pfca> in cluster <dcc> Done

Job <HPC_mini_project_v0_pfca> was submitted from host <hpclogin1> by user <pfca> in cluster <dcc> at Mon Apr  7 16:19:01 2025
Job was executed on host(s) <4*n-62-11-57>, in queue <hpc>, as user <pfca> in cluster <dcc> at Mon Apr  7 16:19:01 2025
</zhome/3e/b/164967> was used as the home directory.
</zhome/3e/b/164967/Documents/HPC_02613/malaka_performance/source_PFCA> was used as the working directory.
Started at Mon Apr  7 16:19:01 2025
Terminated at Mon Apr  7 16:23:33 2025
Results reported at Mon Apr  7 16:23:33 2025

Your job looked like:

------------------------------------------------------------
# LSBATCH: User input
#!/bin/bash
#BSUB -J HPC_mini_project_v0_pfca
#BSUB -q hpc
#BSUB -o batch_output_out/Output_%J.out
#BSUB -e batch_output_err/Output_%J.err
#BSUB -W 00:15
#BSUB -n 4
#BSUB -R "rusage[mem=512MB]"
#BSUB -R "span[hosts=1]"
#BSUB -R "select[model == XeonGold6226R]"
# -- end of LSF options -- 

source /dtu/projects/02613_2025/conda/conda_init.sh
conda activate 02613

#kernprof -l simulate.py
time Try.py 24 8
time simulate_static_scheduling.py 24 8

------------------------------------------------------------

Successfully completed.

Resource usage summary:

    CPU time :                                   823.26 sec.
    Max Memory :                                 263 MB
    Average Memory :                             229.25 MB
    Total Requested Memory :                     2048.00 MB
    Delta Memory :                               1785.00 MB
    Max Swap :                                   -
    Max Processes :                              12
    Max Threads :                                16
    Run time :                                   293 sec.
    Turnaround time :                            272 sec.

The output (if any) is above this job summary.



PS:

Read file <batch_output_err/Output_24577252.err> for stderr output of this job.

