
------------------------------------------------------------
Sender: LSF System <lsfadmin@hpc.dtu.dk>
Subject: Job 24570318: <HPC_mini_project_v0_pfca> in cluster <dcc> Done

Job <HPC_mini_project_v0_pfca> was submitted from host <hpclogin1> by user <pfca> in cluster <dcc> at Fri Apr  4 15:51:20 2025
Job was executed on host(s) <20*n-62-11-57>, in queue <hpc>, as user <pfca> in cluster <dcc> at Fri Apr  4 15:51:21 2025
</zhome/3e/b/164967> was used as the home directory.
</zhome/3e/b/164967/Documents/HPC_02613/malaka_performance/source_PFCA> was used as the working directory.
Started at Fri Apr  4 15:51:21 2025
Terminated at Fri Apr  4 16:10:36 2025
Results reported at Fri Apr  4 16:10:36 2025

Your job looked like:

------------------------------------------------------------
# LSBATCH: User input
#!/bin/bash
#BSUB -J HPC_mini_project_v0_pfca
#BSUB -q hpc
#BSUB -o batch_output_out/Output_%J.out
#BSUB -e batch_output_err/Output_%J.err
#BSUB -W 3:00
#BSUB -n 20
#BSUB -R "rusage[mem=512MB]"
#BSUB -R "span[hosts=1]"
#BSUB -R "select[model == XeonGold6226R]"
# -- end of LSF options -- 

source /dtu/projects/02613_2025/conda/conda_init.sh
conda activate 02613

#kernprof -l simulate.py
time Try.py 64 1
time Try.py 32 2
time Try.py 32 4
time Try.py 32 8
time Try.py 32 16
time Try.py 32 20
------------------------------------------------------------

Successfully completed.

Resource usage summary:

    CPU time :                                   2979.88 sec.
    Max Memory :                                 266 MB
    Average Memory :                             158.56 MB
    Total Requested Memory :                     10240.00 MB
    Delta Memory :                               9974.00 MB
    Max Swap :                                   -
    Max Processes :                              20
    Max Threads :                                24
    Run time :                                   1270 sec.
    Turnaround time :                            1156 sec.

The output (if any) is above this job summary.



PS:

Read file <batch_output_err/Output_24570318.err> for stderr output of this job.

