259.11482095718384
254.9107825756073
261.00914216041565
244.89904165267944
250.6226134300232
255.84004092216492
259.7813663482666

------------------------------------------------------------
Sender: LSF System <lsfadmin@hpc.dtu.dk>
Subject: Job 24620361: <HPC_mini_project_v0_pfca> in cluster <dcc> Done

Job <HPC_mini_project_v0_pfca> was submitted from host <hpclogin1> by user <pfca> in cluster <dcc> at Wed Apr  9 10:14:57 2025
Job was executed on host(s) <12*n-62-11-57>, in queue <hpc>, as user <pfca> in cluster <dcc> at Wed Apr  9 10:14:57 2025
</zhome/3e/b/164967> was used as the home directory.
</zhome/3e/b/164967/Documents/HPC_02613/malaka_performance/source_PFCA> was used as the working directory.
Started at Wed Apr  9 10:14:57 2025
Terminated at Wed Apr  9 10:44:51 2025
Results reported at Wed Apr  9 10:44:51 2025

Your job looked like:

------------------------------------------------------------
# LSBATCH: User input
#!/bin/bash
#BSUB -J HPC_mini_project_v0_pfca
#BSUB -q hpc
#BSUB -o batch_output_out/Output_%J.out
#BSUB -e batch_output_err/Output_%J.err
#BSUB -W 3:00
#BSUB -n 12
#BSUB -R "rusage[mem=512MB]"
#BSUB -R "span[hosts=1]"
#BSUB -R "select[model == XeonGold6226R]"
# -- end of LSF options -- 

source /dtu/projects/02613_2025/conda/conda_init.sh
conda activate 02613

#kernprof -l simulate.py
#time Dynamic_starmap.py 100 8 12 
#time Dynamic_starmap.py 100 8 10 
#time Dynamic_starmap.py 100 8 8 
#time Dynamic_starmap.py 100 8 6
#time Dynamic_starmap.py 100 8 4
#time Dynamic_starmap.py 100 8 2

time Dynamic_starmap.py 100 16 7 
time Dynamic_starmap.py 100 16 6 
time Dynamic_starmap.py 100 16 5
time Dynamic_starmap.py 100 16 4 
time Dynamic_starmap.py 100 16 3
time Dynamic_starmap.py 100 16 2
time Dynamic_starmap.py 100 16 1 



------------------------------------------------------------

Successfully completed.

Resource usage summary:

    CPU time :                                   18477.44 sec.
    Max Memory :                                 785 MB
    Average Memory :                             694.46 MB
    Total Requested Memory :                     6144.00 MB
    Delta Memory :                               5359.00 MB
    Max Swap :                                   -
    Max Processes :                              20
    Max Threads :                                24
    Run time :                                   1806 sec.
    Turnaround time :                            1794 sec.

The output (if any) is above this job summary.



PS:

Read file <batch_output_err/Output_24620361.err> for stderr output of this job.

