909.6020059585571
960.7692651748657
978.0769984722137
947.4081273078918
908.3457236289978
872.6149346828461
824.0696485042572
866.9027011394501
848.8811814785004
818.8807079792023

------------------------------------------------------------
Sender: LSF System <lsfadmin@hpc.dtu.dk>
Subject: Job 24620696: <HPC_mini_project_v0_pfca> in cluster <dcc> Done

Job <HPC_mini_project_v0_pfca> was submitted from host <hpclogin1> by user <pfca> in cluster <dcc> at Wed Apr  9 11:10:23 2025
Job was executed on host(s) <12*n-62-11-57>, in queue <hpc>, as user <pfca> in cluster <dcc> at Wed Apr  9 11:10:25 2025
</zhome/3e/b/164967> was used as the home directory.
</zhome/3e/b/164967/Documents/HPC_02613/malaka_performance/source_PFCA> was used as the working directory.
Started at Wed Apr  9 11:10:25 2025
Terminated at Wed Apr  9 13:39:39 2025
Results reported at Wed Apr  9 13:39:39 2025

Your job looked like:

------------------------------------------------------------
# LSBATCH: User input
#!/bin/bash
#BSUB -J HPC_mini_project_v0_pfca
#BSUB -q hpc
#BSUB -o batch_output_out/Output_%J.out
#BSUB -e batch_output_err/Output_%J.err
#BSUB -W 3:00
#BSUB -n 12
#BSUB -R "rusage[mem=512MB]"
#BSUB -R "span[hosts=1]"
#BSUB -R "select[model == XeonGold6226R]"
# -- end of LSF options -- 

source /dtu/projects/02613_2025/conda/conda_init.sh
conda activate 02613

#kernprof -l simulate.py
time Dynamic_starmap.py 300 8 38
time Dynamic_starmap.py 300 8 32
time Dynamic_starmap.py 300 8 28
time Dynamic_starmap.py 300 8 24
time Dynamic_starmap.py 300 8 20
time Dynamic_starmap.py 300 8 16 
time Dynamic_starmap.py 300 8 12
time Dynamic_starmap.py 300 8 8
time Dynamic_starmap.py 300 8 4
time Dynamic_starmap.py 300 8 2

#time Dynamic_starmap.py 100 16 7 
#time Dynamic_starmap.py 100 16 6 
#time Dynamic_starmap.py 100 16 5
#time Dynamic_starmap.py 100 16 4 
#time Dynamic_starmap.py 100 16 3
#time Dynamic_starmap.py 100 16 2
#time Dynamic_starmap.py 100 16 1 



------------------------------------------------------------

Successfully completed.

Resource usage summary:

    CPU time :                                   59590.93 sec.
    Max Memory :                                 1865 MB
    Average Memory :                             1539.30 MB
    Total Requested Memory :                     6144.00 MB
    Delta Memory :                               4279.00 MB
    Max Swap :                                   -
    Max Processes :                              12
    Max Threads :                                16
    Run time :                                   8954 sec.
    Turnaround time :                            8956 sec.

The output (if any) is above this job summary.



PS:

Read file <batch_output_err/Output_24620696.err> for stderr output of this job.

