Generating '/tmp/nsys-report-b970.qdstrm'
[1/1] [0%                          ] output_profiler_10.nsys-rep[1/1] [0%                          ] output_profiler_10.nsys-rep[1/1] [===========51%              ] output_profiler_10.nsys-rep[1/1] [========================99% ] output_profiler_10.nsys-rep[1/1] [====26%                     ] output_profiler_10.nsys-rep[1/1] [====27%                     ] output_profiler_10.nsys-rep[1/1] [========================99% ] output_profiler_10.nsys-rep[1/1] [========================100%] output_profiler_10.nsys-rep[1/1] [========================100%] output_profiler_10.nsys-rep
Generated:
    /zhome/3e/b/164967/Documents/HPC_02613/malaka_performance/source_PFCA/output_profiler_10.nsys-rep
Generating SQLite file output_profiler_10.sqlite from output_profiler_10.nsys-rep
Processing [output_profiler_10.sqlite] with [/appl/cuda/11.8.0/nsight-systems-2022.4.2/host-linux-x64/reports/nvtxsum.py]... 
SKIPPED: output_profiler_10.sqlite does not contain NV Tools Extension (NVTX) data.

Processing [output_profiler_10.sqlite] with [/appl/cuda/11.8.0/nsight-systems-2022.4.2/host-linux-x64/reports/osrtsum.py]... 

 ** OS Runtime Summary (osrtsum):

 Time (%)  Total Time (ns)  Num Calls   Avg (ns)     Med (ns)    Min (ns)  Max (ns)   StdDev (ns)           Name         
 --------  ---------------  ---------  -----------  -----------  --------  ---------  -----------  ----------------------
     35.2        648689979          2  324344989.5  324344989.5   2253815  646436164  455505707.3  sem_wait              
     34.0        625307463         16   39081716.4   10337281.5      1147  180024602   53244819.9  poll                  
     14.9        274182091        432     634680.8     246178.5      1234   18774118    1301375.7  ioctl                 
     14.6        269147407       1022     263353.6     252721.5      1129    1344290     106045.8  open64                
      0.8         14757349       1079      13676.9       3952.0      1001     398740      30516.2  read                  
      0.1          2106413        278       7577.0       1801.0      1007     815494      49696.9  mmap64                
      0.1          1502366         43      34938.7       4564.0      1544     608537     106290.2  fopen                 
      0.1          1330452        301       4420.1       1242.0      1007      40307       5980.5  fgets                 
      0.1           977576        279       3503.9       1972.0      1592      19635       2841.2  munmap                
      0.1           920708          4     230177.0     230240.5     33805     426422     216995.9  pthread_create        
      0.0           593037          8      74129.6       3117.5      1971     403491     144955.1  fopen64               
      0.0           414772          5      82954.4      25829.0      1944     333337     140967.0  fread                 
      0.0           248371          8      31046.4      16541.0     12690      84376      29307.2  sem_timedwait         
      0.0           230947         18      12830.4      10215.5      2456      50943      12173.2  mmap                  
      0.0           187452         54       3471.3       1392.0      1004      78972      10615.0  fclose                
      0.0            82686          1      82686.0      82686.0     82686      82686          0.0  pthread_cond_wait     
      0.0            43269          6       7211.5       6778.5      4773      10579       1994.9  pipe2                 
      0.0            33524          6       5587.3       5126.5      1289      12694       4077.5  open                  
      0.0            31792          1      31792.0      31792.0     31792      31792          0.0  waitpid               
      0.0            22698         11       2063.5       1476.0      1151       7026       1701.1  write                 
      0.0            15808          2       7904.0       7904.0      3620      12188       6058.5  pthread_cond_signal   
      0.0            14481          2       7240.5       7240.5      5099       9382       3028.5  socket                
      0.0            10931          1      10931.0      10931.0     10931      10931          0.0  connect               
      0.0             9942          7       1420.3       1206.0      1109       2855        635.2  fcntl                 
      0.0             8083          4       2020.8       1700.0      1292       3391        933.5  signal                
      0.0             5597          2       2798.5       2798.5      1017       4580       2519.4  fflush                
      0.0             4513          2       2256.5       2256.5      1389       3124       1226.8  fwrite                
      0.0             2793          1       2793.0       2793.0      2793       2793          0.0  fputs                 
      0.0             2721          1       2721.0       2721.0      2721       2721          0.0  pthread_cond_broadcast
      0.0             2681          2       1340.5       1340.5      1234       1447        150.6  sigaction             
      0.0             1749          1       1749.0       1749.0      1749       1749          0.0  bind                  
      0.0             1257          1       1257.0       1257.0      1257       1257          0.0  dup2                  

Processing [output_profiler_10.sqlite] with [/appl/cuda/11.8.0/nsight-systems-2022.4.2/host-linux-x64/reports/cudaapisum.py]... 

 ** CUDA API Summary (cudaapisum):

 Time (%)  Total Time (ns)  Num Calls   Avg (ns)   Med (ns)   Min (ns)  Max (ns)   StdDev (ns)              Name            
 --------  ---------------  ---------  ----------  ---------  --------  ---------  -----------  ----------------------------
     98.8        234076216          3  78025405.3   110402.0     80698  233885116  134978469.7  cudaMalloc                  
      0.9          2144258          2   1072129.0  1072129.0   1044924    1099334      38473.7  cudaHostAlloc               
      0.1           285531          1    285531.0   285531.0    285531     285531          0.0  cuModuleUnload              
      0.1           258016          1    258016.0   258016.0    258016     258016          0.0  cuModuleLoadData            
      0.0            45319          1     45319.0    45319.0     45319      45319          0.0  cudaMemGetInfo              
      0.0            44841          1     44841.0    44841.0     44841      44841          0.0  cudaMemsetAsync             
      0.0            33426          2     16713.0    16713.0     16294      17132        592.6  cudaMemcpyAsync             
      0.0            26401          1     26401.0    26401.0     26401      26401          0.0  cuLaunchKernel              
      0.0            17108          2      8554.0     8554.0      4816      12292       5286.3  cudaEventRecord             
      0.0             9135          3      3045.0     2491.0      1736       4908       1657.0  cudaEventQuery              
      0.0             7113          2      3556.5     3556.5      3480       3633        108.2  cudaEventCreateWithFlags    
      0.0             6008          2      3004.0     3004.0      2643       3365        510.5  cudaStreamIsCapturing_v10000
      0.0             3020          1      3020.0     3020.0      3020       3020          0.0  cudaEventDestroy            
      0.0             1056          1      1056.0     1056.0      1056       1056          0.0  cuModuleGetLoadingMode      

Processing [output_profiler_10.sqlite] with [/appl/cuda/11.8.0/nsight-systems-2022.4.2/host-linux-x64/reports/gpukernsum.py]... 

 ** CUDA GPU Kernel Summary (gpukernsum):

 Time (%)  Total Time (ns)  Instances  Avg (ns)  Med (ns)  Min (ns)  Max (ns)  StdDev (ns)     GridXYZ         BlockXYZ                Name           
 --------  ---------------  ---------  --------  --------  --------  --------  -----------  --------------  --------------  --------------------------
    100.0            24737          1   24737.0   24737.0     24737     24737          0.0  2048    1    1   128    1    1  cupy_copy__float64_float64

Processing [output_profiler_10.sqlite] with [/appl/cuda/11.8.0/nsight-systems-2022.4.2/host-linux-x64/reports/gpumemtimesum.py]... 

 ** GPU MemOps Summary (by Time) (gpumemtimesum):

 Time (%)  Total Time (ns)  Count  Avg (ns)  Med (ns)  Min (ns)  Max (ns)  StdDev (ns)      Operation     
 --------  ---------------  -----  --------  --------  --------  --------  -----------  ------------------
     94.4           304450      2  152225.0  152225.0     37728    266722     161923.2  [CUDA memcpy HtoD]
      5.6            18144      1   18144.0   18144.0     18144     18144          0.0  [CUDA memset]     

Processing [output_profiler_10.sqlite] with [/appl/cuda/11.8.0/nsight-systems-2022.4.2/host-linux-x64/reports/gpumemsizesum.py]... 

 ** GPU MemOps Summary (by Size) (gpumemsizesum):

 Total (MB)  Count  Avg (MB)  Med (MB)  Min (MB)  Max (MB)  StdDev (MB)      Operation     
 ----------  -----  --------  --------  --------  --------  -----------  ------------------
      2.359      2     1.180     1.180     0.262     2.097        1.298  [CUDA memcpy HtoD]
      2.114      1     2.114     2.114     2.114     2.114        0.000  [CUDA memset]     

Processing [output_profiler_10.sqlite] with [/appl/cuda/11.8.0/nsight-systems-2022.4.2/host-linux-x64/reports/openmpevtsum.py]... 
SKIPPED: output_profiler_10.sqlite does not contain OpenMP event data.

Processing [output_profiler_10.sqlite] with [/appl/cuda/11.8.0/nsight-systems-2022.4.2/host-linux-x64/reports/khrdebugsum.py]... 
SKIPPED: output_profiler_10.sqlite does not contain KHR Extension (KHR_DEBUG) data.

Processing [output_profiler_10.sqlite] with [/appl/cuda/11.8.0/nsight-systems-2022.4.2/host-linux-x64/reports/khrdebuggpusum.py]... 
SKIPPED: output_profiler_10.sqlite does not contain GPU KHR Extension (KHR_DEBUG) data.

Processing [output_profiler_10.sqlite] with [/appl/cuda/11.8.0/nsight-systems-2022.4.2/host-linux-x64/reports/vulkanmarkerssum.py]... 
SKIPPED: output_profiler_10.sqlite does not contain Vulkan Debug Extension (Vulkan Debug Util) data.

Processing [output_profiler_10.sqlite] with [/appl/cuda/11.8.0/nsight-systems-2022.4.2/host-linux-x64/reports/vulkangpumarkersum.py]... 
SKIPPED: output_profiler_10.sqlite does not contain GPU Vulkan Debug Extension (GPU Vulkan Debug markers) data.

Processing [output_profiler_10.sqlite] with [/appl/cuda/11.8.0/nsight-systems-2022.4.2/host-linux-x64/reports/dx11pixsum.py]... 
SKIPPED: output_profiler_10.sqlite does not contain DX11 CPU debug markers.

Processing [output_profiler_10.sqlite] with [/appl/cuda/11.8.0/nsight-systems-2022.4.2/host-linux-x64/reports/dx12gpumarkersum.py]... 
SKIPPED: output_profiler_10.sqlite does not contain DX12 GPU debug markers.

Processing [output_profiler_10.sqlite] with [/appl/cuda/11.8.0/nsight-systems-2022.4.2/host-linux-x64/reports/dx12pixsum.py]... 
SKIPPED: output_profiler_10.sqlite does not contain DX12 CPU debug markers.

Processing [output_profiler_10.sqlite] with [/appl/cuda/11.8.0/nsight-systems-2022.4.2/host-linux-x64/reports/wddmqueuesdetails.py]... 
SKIPPED: output_profiler_10.sqlite does not contain WDDM context data.

Processing [output_profiler_10.sqlite] with [/appl/cuda/11.8.0/nsight-systems-2022.4.2/host-linux-x64/reports/unifiedmemory.py]... 
SKIPPED: output_profiler_10.sqlite does not contain CUDA Unified Memory CPU page faults data.

Processing [output_profiler_10.sqlite] with [/appl/cuda/11.8.0/nsight-systems-2022.4.2/host-linux-x64/reports/unifiedmemorytotals.py]... 
SKIPPED: output_profiler_10.sqlite does not contain CUDA Unified Memory CPU page faults data.

Processing [output_profiler_10.sqlite] with [/appl/cuda/11.8.0/nsight-systems-2022.4.2/host-linux-x64/reports/umcpupagefaults.py]... 
SKIPPED: output_profiler_10.sqlite does not contain CUDA Unified Memory CPU page faults data.

Processing [output_profiler_10.sqlite] with [/appl/cuda/11.8.0/nsight-systems-2022.4.2/host-linux-x64/reports/openaccsum.py]... 
SKIPPED: output_profiler_10.sqlite does not contain OpenACC event data.


------------------------------------------------------------
Sender: LSF System <lsfadmin@hpc.dtu.dk>
Subject: Job 24645699: <HPC_mini_project_v0_pfca> in cluster <dcc> Done

Job <HPC_mini_project_v0_pfca> was submitted from host <hpclogin1> by user <pfca> in cluster <dcc> at Fri Apr 11 15:45:09 2025
Job was executed on host(s) <4*n-62-12-22>, in queue <c02613>, as user <pfca> in cluster <dcc> at Fri Apr 11 15:45:11 2025
</zhome/3e/b/164967> was used as the home directory.
</zhome/3e/b/164967/Documents/HPC_02613/malaka_performance/source_PFCA> was used as the working directory.
Started at Fri Apr 11 15:45:11 2025
Terminated at Fri Apr 11 15:51:53 2025
Results reported at Fri Apr 11 15:51:53 2025

Your job looked like:

------------------------------------------------------------
# LSBATCH: User input
#!/bin/bash
#BSUB -J HPC_mini_project_v0_pfca
#BSUB -q c02613
#BSUB -o batch_output_out/Output_%J.out
#BSUB -e batch_output_err/Output_%J.err
#BSUB -W 01:00
#BSUB -n 4
#BUSB -gpu "num=1:mode=exclusive_process"
#BSUB -R "rusage[mem=1GB]"
#BSUB -R "span[hosts=1]"
#BSUB -R "select[model == XeonGold6226R]"
# -- end of LSF options -- 

source /dtu/projects/02613_2025/conda/conda_init.sh
conda activate 02613

#kernprof -l simulate.py
nsys profile -o output_profiler_10 python Assignment_9_partial.py 10
nsys stats output_profiler_10.nsys-rep

------------------------------------------------------------

Successfully completed.

Resource usage summary:

    CPU time :                                   4.00 sec.
    Max Memory :                                 4 MB
    Average Memory :                             3.50 MB
    Total Requested Memory :                     4096.00 MB
    Delta Memory :                               4092.00 MB
    Max Swap :                                   -
    Max Processes :                              1
    Max Threads :                                1
    Run time :                                   402 sec.
    Turnaround time :                            404 sec.

The output (if any) is above this job summary.



PS:

Read file <batch_output_err/Output_24645699.err> for stderr output of this job.

