
------------------------------------------------------------
Sender: LSF System <lsfadmin@hpc.dtu.dk>
Subject: Job 24577340: <HPC_mini_project_v0_pfca> in cluster <dcc> Exited

Job <HPC_mini_project_v0_pfca> was submitted from host <hpclogin1> by user <pfca> in cluster <dcc> at Mon Apr  7 16:42:54 2025
Job was executed on host(s) <4*n-62-11-57>, in queue <hpc>, as user <pfca> in cluster <dcc> at Mon Apr  7 16:42:54 2025
</zhome/3e/b/164967> was used as the home directory.
</zhome/3e/b/164967/Documents/HPC_02613/malaka_performance/source_PFCA> was used as the working directory.
Started at Mon Apr  7 16:42:54 2025
Terminated at Mon Apr  7 16:42:57 2025
Results reported at Mon Apr  7 16:42:57 2025

Your job looked like:

------------------------------------------------------------
# LSBATCH: User input
#!/bin/bash
#BSUB -J HPC_mini_project_v0_pfca
#BSUB -q hpc
#BSUB -o batch_output_out/Output_%J.out
#BSUB -e batch_output_err/Output_%J.err
#BSUB -W 00:15
#BSUB -n 4
#BSUB -R "rusage[mem=512MB]"
#BSUB -R "span[hosts=1]"
#BSUB -R "select[model == XeonGold6226R]"
# -- end of LSF options -- 

source /dtu/projects/02613_2025/conda/conda_init.sh
conda activate 02613

#kernprof -l simulate.py
#time Try.py 24 8
time simulate_static_scheduling.py 24 8

------------------------------------------------------------

Exited with exit code 1.

Resource usage summary:

    CPU time :                                   2.22 sec.
    Max Memory :                                 1 MB
    Average Memory :                             1.00 MB
    Total Requested Memory :                     2048.00 MB
    Delta Memory :                               2047.00 MB
    Max Swap :                                   -
    Max Processes :                              1
    Max Threads :                                1
    Run time :                                   11 sec.
    Turnaround time :                            3 sec.

The output (if any) is above this job summary.



PS:

Read file <batch_output_err/Output_24577340.err> for stderr output of this job.

