
------------------------------------------------------------
Sender: LSF System <lsfadmin@hpc.dtu.dk>
Subject: Job 24616847: <HPC_mini_project_v0_pfca> in cluster <dcc> Done

Job <HPC_mini_project_v0_pfca> was submitted from host <hpclogin1> by user <pfca> in cluster <dcc> at Tue Apr  8 21:22:40 2025
Job was executed on host(s) <12*n-62-11-60>, in queue <hpc>, as user <pfca> in cluster <dcc> at Tue Apr  8 21:22:40 2025
</zhome/3e/b/164967> was used as the home directory.
</zhome/3e/b/164967/Documents/HPC_02613/malaka_performance/source_PFCA> was used as the working directory.
Started at Tue Apr  8 21:22:40 2025
Terminated at Tue Apr  8 21:53:36 2025
Results reported at Tue Apr  8 21:53:36 2025

Your job looked like:

------------------------------------------------------------
# LSBATCH: User input
#!/bin/bash
#BSUB -J HPC_mini_project_v0_pfca
#BSUB -q hpc
#BSUB -o batch_output_out/Output_%J.out
#BSUB -e batch_output_err/Output_%J.err
#BSUB -W 3:00
#BSUB -n 12
#BSUB -R "rusage[mem=512MB]"
#BSUB -R "span[hosts=1]"
#BSUB -R "select[model == XeonGold6226R]"
# -- end of LSF options -- 

source /dtu/projects/02613_2025/conda/conda_init.sh
conda activate 02613

#kernprof -l simulate.py
time Dynamic_starmap.py 100 8 12 
time Dynamic_starmap.py 100 8 10 
time Dynamic_starmap.py 100 8 8 
time Dynamic_starmap.py 100 8 6
time Dynamic_starmap.py 100 8 4
time Dynamic_starmap.py 100 8 2


#time Dynamic_starmap.py 100 16 6 
#time Dynamic_starmap.py 100 16 5
#time Dynamic_starmap.py 100 16 4 
#time Dynamic_starmap.py 100 16 3
#time Dynamic_starmap.py 100 16 2



------------------------------------------------------------

Successfully completed.

Resource usage summary:

    CPU time :                                   11996.54 sec.
    Max Memory :                                 771 MB
    Average Memory :                             634.43 MB
    Total Requested Memory :                     6144.00 MB
    Delta Memory :                               5373.00 MB
    Max Swap :                                   -
    Max Processes :                              12
    Max Threads :                                16
    Run time :                                   1878 sec.
    Turnaround time :                            1856 sec.

The output (if any) is above this job summary.



PS:

Read file <batch_output_err/Output_24616847.err> for stderr output of this job.

