
------------------------------------------------------------
Sender: LSF System <lsfadmin@hpc.dtu.dk>
Subject: Job 24575211: <HPC_mini_project_v0_pfca> in cluster <dcc> Done

Job <HPC_mini_project_v0_pfca> was submitted from host <hpclogin1> by user <pfca> in cluster <dcc> at Mon Apr  7 09:15:37 2025
Job was executed on host(s) <20*n-62-11-58>, in queue <hpc>, as user <pfca> in cluster <dcc> at Mon Apr  7 09:15:38 2025
</zhome/3e/b/164967> was used as the home directory.
</zhome/3e/b/164967/Documents/HPC_02613/malaka_performance/source_PFCA> was used as the working directory.
Started at Mon Apr  7 09:15:38 2025
Terminated at Mon Apr  7 09:47:54 2025
Results reported at Mon Apr  7 09:47:54 2025

Your job looked like:

------------------------------------------------------------
# LSBATCH: User input
#!/bin/bash
#BSUB -J HPC_mini_project_v0_pfca
#BSUB -q hpc
#BSUB -o batch_output_out/Output_%J.out
#BSUB -e batch_output_err/Output_%J.err
#BSUB -W 3:00
#BSUB -n 20
#BSUB -R "rusage[mem=512MB]"
#BSUB -R "span[hosts=1]"
#BSUB -R "select[model == XeonGold6226R]"
# -- end of LSF options -- 

source /dtu/projects/02613_2025/conda/conda_init.sh
conda activate 02613

#kernprof -l simulate.py
time Try.py 64 1
time Try.py 64 2
time Try.py 64 4
time Try.py 64 8
time Try.py 64 16
time Try.py 64 20
------------------------------------------------------------

Successfully completed.

Resource usage summary:

    CPU time :                                   5837.33 sec.
    Max Memory :                                 467 MB
    Average Memory :                             218.56 MB
    Total Requested Memory :                     10240.00 MB
    Delta Memory :                               9773.00 MB
    Max Swap :                                   -
    Max Processes :                              24
    Max Threads :                                28
    Run time :                                   2028 sec.
    Turnaround time :                            1937 sec.

The output (if any) is above this job summary.



PS:

Read file <batch_output_err/Output_24575211.err> for stderr output of this job.

