10000, 14.01667304807932, 6.367646777213406, 30.966330331633575, 55.47538967849264
10009, 11.010224375283201, 5.809299648472098, 16.69765805608604, 74.93466680068349
10014, 14.759972846865104, 7.028367113876812, 38.296248040552925, 52.749333279045615
10019, 14.75205829876265, 7.020574688097595, 38.191880041912086, 52.886542354604735
10029, 10.62245106359415, 6.312503191728246, 18.25563221896085, 74.51301795448481
10031, 12.518637755185521, 6.276161502944372, 24.080075420557996, 66.33473764841057
10051, 13.290555686954988, 5.999001390764925, 25.97693550756574, 62.84890553841633
10053, 11.374337010731024, 6.259011006488152, 19.957686882933707, 72.39069111424541
10056, 14.221548442079667, 6.1794049113210505, 31.770664359612127, 57.05454021123968
10064, 12.729483314646293, 6.964133575769204, 28.852643966582054, 62.675186492768844
10075, 15.176992938706872, 6.443324205001792, 39.29754438653829, 47.280496422577514
10079, 15.10574025985844, 7.310348103475615, 41.94066689251319, 49.388762522383004
10080, 15.788645510328516, 7.276729727498102, 46.42062877800747, 44.66988664752966
10082, 16.48169960732699, 6.706201047042499, 48.723152055379074, 40.47318761557062
10083, 15.642316645038546, 7.120666803589642, 44.870436948965434, 45.874420061760624
10084, 15.103417058147121, 7.149929420127862, 40.92004216232495, 50.25146815238669
10085, 15.871994985982505, 7.191601624126934, 46.19291488551234, 44.711558809836205
10086, 14.401274156247705, 7.212669447538549, 37.29047849202513, 52.98695021749638
10087, 15.087540538635684, 7.268194808447427, 41.58031696525031, 49.84546300036638
10089, 14.005033094800522, 7.268921415224094, 35.506842060467356, 56.307273294686176
10090, 14.292325949546177, 6.619888335939791, 36.6682123811732, 51.18710874101553
10093, 14.107690512592656, 6.563891812940136, 33.415299954503105, 56.39014667331066
10094, 14.206985136157078, 6.756780450176658, 35.406337218847476, 54.87878290373776
10097, 14.357952646431322, 6.86420404573801, 37.84352764540767, 51.274561002676414

------------------------------------------------------------
Sender: LSF System <lsfadmin@hpc.dtu.dk>
Subject: Job 24577350: <HPC_mini_project_v0_pfca> in cluster <dcc> Done

Job <HPC_mini_project_v0_pfca> was submitted from host <hpclogin1> by user <pfca> in cluster <dcc> at Mon Apr  7 16:45:33 2025
Job was executed on host(s) <4*n-62-11-59>, in queue <hpc>, as user <pfca> in cluster <dcc> at Mon Apr  7 16:45:35 2025
</zhome/3e/b/164967> was used as the home directory.
</zhome/3e/b/164967/Documents/HPC_02613/malaka_performance/source_PFCA> was used as the working directory.
Started at Mon Apr  7 16:45:35 2025
Terminated at Mon Apr  7 16:49:06 2025
Results reported at Mon Apr  7 16:49:06 2025

Your job looked like:

------------------------------------------------------------
# LSBATCH: User input
#!/bin/bash
#BSUB -J HPC_mini_project_v0_pfca
#BSUB -q hpc
#BSUB -o batch_output_out/Output_%J.out
#BSUB -e batch_output_err/Output_%J.err
#BSUB -W 00:15
#BSUB -n 4
#BSUB -R "rusage[mem=512MB]"
#BSUB -R "span[hosts=1]"
#BSUB -R "select[model == XeonGold6226R]"
# -- end of LSF options -- 

source /dtu/projects/02613_2025/conda/conda_init.sh
conda activate 02613

#kernprof -l simulate.py
#time Try.py 24 8
time simulate_static_scheduling.py 24 8

------------------------------------------------------------

Successfully completed.

Resource usage summary:

    CPU time :                                   571.65 sec.
    Max Memory :                                 149 MB
    Average Memory :                             135.00 MB
    Total Requested Memory :                     2048.00 MB
    Delta Memory :                               1899.00 MB
    Max Swap :                                   -
    Max Processes :                              12
    Max Threads :                                16
    Run time :                                   266 sec.
    Turnaround time :                            213 sec.

The output (if any) is above this job summary.



PS:

Read file <batch_output_err/Output_24577350.err> for stderr output of this job.

