
------------------------------------------------------------
Sender: LSF System <lsfadmin@hpc.dtu.dk>
Subject: Job 24620435: <HPC_mini_project_v0_pfca> in cluster <dcc> Exited

Job <HPC_mini_project_v0_pfca> was submitted from host <hpclogin1> by user <pfca> in cluster <dcc> at Wed Apr  9 10:25:17 2025
Job was executed on host(s) <16*n-62-11-51>, in queue <hpc>, as user <pfca> in cluster <dcc> at Wed Apr  9 10:25:17 2025
</zhome/3e/b/164967> was used as the home directory.
</zhome/3e/b/164967/Documents/HPC_02613/malaka_performance/source_PFCA> was used as the working directory.
Started at Wed Apr  9 10:25:17 2025
Terminated at Wed Apr  9 10:25:21 2025
Results reported at Wed Apr  9 10:25:21 2025

Your job looked like:

------------------------------------------------------------
# LSBATCH: User input
#!/bin/bash
#BSUB -J HPC_mini_project_v0_pfca
#BSUB -q hpc
#BSUB -o batch_output_out/Output_%J.out
#BSUB -e batch_output_err/Output_%J.err
#BSUB -W 01:00
#BSUB -n 16
#BSUB -R "rusage[mem=512MB]"
#BSUB -R "span[hosts=1]"
#BSUB -R "select[model == XeonGold6226R]"
# -- end of LSF options -- 

source /dtu/projects/02613_2025/conda/conda_init.sh
conda activate 02613

#kernprof -l simulate.py
time Try_v2.py 100 4

------------------------------------------------------------

Exited with exit code 1.

Resource usage summary:

    CPU time :                                   2.62 sec.
    Max Memory :                                 -
    Average Memory :                             -
    Total Requested Memory :                     8192.00 MB
    Delta Memory :                               -
    Max Swap :                                   -
    Max Processes :                              -
    Max Threads :                                -
    Run time :                                   74 sec.
    Turnaround time :                            4 sec.

The output (if any) is above this job summary.



PS:

Read file <batch_output_err/Output_24620435.err> for stderr output of this job.

