building_id, mean_temp, std_temp, pct_above_18, pct_below_15
10000, 14.016693478047694, 6.3676484818705585, 30.966330331633575, 55.47538967849264
10009, 11.008222203205928, 5.809700518083411, 16.688863202331895, 74.9409488390793
10014, 14.73037604922121, 7.045435899949541, 38.23212068158222, 52.86740905111866
10019, 14.72287059205255, 7.037382833672098, 38.12067018646809, 52.97606331573432
10029, 10.622471797371622, 6.312487679344993, 18.25563221896085, 74.51301795448481
10031, 12.517992078501871, 6.276293094621209, 24.077129305011344, 66.33621070618389
10051, 13.290568693587781, 5.999000745442376, 25.97693550756574, 62.84890553841633
10053, 11.374042829146427, 6.2590992031016635, 19.957686882933707, 72.39289492242595
10056, 14.22156228947154, 6.179404507754319, 31.770664359612127, 57.05454021123968
10064, 12.721302497663846, 6.964235432563305, 28.812768068158608, 62.73840438051332
10075, 15.112177587324073, 6.435474042939652, 38.731119159084884, 47.816005653210844
10079, 15.081323006540874, 7.3174868619396936, 41.84387552630305, 49.50975173014567
10080, 15.764660705121697, 7.284609710781351, 46.3079621048094, 44.776675059517395
10082, 16.435908166864046, 6.725516011485497, 48.48703238348111, 40.7282727229624
10083, 15.642305800246904, 7.120667120174125, 44.870436948965434, 45.874420061760624
10084, 15.103412268529091, 7.149930082373834, 40.92004216232495, 50.25146815238669
10085, 15.871943754315733, 7.191619783808017, 46.19291488551234, 44.711558809836205
10086, 14.377606304640704, 7.219448817098751, 37.19574673755437, 53.07878202029966
10087, 15.0616768570812, 7.280497483802854, 41.484494631130985, 49.94880081167153
10089, 13.972246019718561, 7.283792474485851, 35.40565332929839, 56.42359305107667

------------------------------------------------------------
Sender: LSF System <lsfadmin@hpc.dtu.dk>
Subject: Job 24745936: <cuda7000_100images> in cluster <dcc> Done

Job <cuda7000_100images> was submitted from host <n-62-30-7> by user <s242777> in cluster <dcc> at Mon Apr 21 03:47:15 2025
Job was executed on host(s) <4*n-62-12-22>, in queue <c02613>, as user <s242777> in cluster <dcc> at Mon Apr 21 03:47:15 2025
</zhome/2c/a/213957> was used as the home directory.
</zhome/2c/a/213957/malaka_performance/source_MMB/ex8> was used as the working directory.
Started at Mon Apr 21 03:47:15 2025
Terminated at Mon Apr 21 03:47:23 2025
Results reported at Mon Apr 21 03:47:23 2025

Your job looked like:

------------------------------------------------------------
# LSBATCH: User input
#!/bin/sh
#BSUB -q c02613
#BSUB -J cuda7000_100images
#BSUB -n 4
#BSUB -R "span[hosts=1]"
#BSUB -R "rusage[mem=512MB]"
#BSUB -gpu "num=1:mode=exclusive_process"
#BSUB -W 3:00
#BSUB -o output/cuda7000_%J.out
#BSUB -e output/cuda7000_%J.err

source /dtu/projects/02613_2025/conda/conda_init.sh
conda activate 02613

time python "gpu_cuda.py" 20
------------------------------------------------------------

Successfully completed.

Resource usage summary:

    CPU time :                                   6.32 sec.
    Max Memory :                                 -
    Average Memory :                             -
    Total Requested Memory :                     2048.00 MB
    Delta Memory :                               -
    Max Swap :                                   -
    Max Processes :                              -
    Max Threads :                                -
    Run time :                                   0 sec.
    Turnaround time :                            8 sec.

The output (if any) is above this job summary.



PS:

Read file <output/cuda7000_24745936.err> for stderr output of this job.

