ERROR: Unable to locate a modulefile for 'python3/3.8.11'
ERROR: Unable to locate a modulefile for 'cuda/8.0'
Loading cudnn/v7.0-prod-cuda8
  Module ERROR: couldn't read file "/apps/dcc/etc/ModulesSL64/modulebase/cudnn":
    no such file or directory
        while executing
    "source /apps/dcc/etc/ModulesSL64/modulebase/cudnn"
        (file "/apps/dcc/etc/ModulesAlma92/modulefiles/cudnn/v7.0-prod-cuda8"
    line 9)
    Please contact <root@localhost>
ERROR: Unable to locate a modulefile for 'ffmpeg/4.2.2'
Loaded module: cuda/11.8

real	5m34.191s
user	31m11.581s
sys	0m4.568s

real	5m13.564s
user	32m2.551s
sys	0m2.351s

real	5m9.884s
user	31m50.616s
sys	0m4.104s

real	4m55.279s
user	32m25.509s
sys	0m4.127s

real	4m33.817s
user	32m51.236s
sys	0m3.875s

real	4m36.223s
user	32m55.663s
sys	0m4.567s

real	4m35.069s
user	32m51.832s
sys	0m4.181s
