building_id, mean_temp, std_temp, pct_above_18, pct_below_15
10000, 14.01233878811275, 6.367431059312565, 30.941014791508444, 55.542295034537624
Wrote profile results to simulate.py.lprof
Inspect results with:
python -m line_profiler -rmt "simulate.py.lprof"

------------------------------------------------------------
Sender: LSF System <lsfadmin@hpc.dtu.dk>
Subject: Job 24568523: <timing> in cluster <dcc> Done

Job <timing> was submitted from host <n-62-27-23> by user <s242777> in cluster <dcc> at Thu Apr  3 20:29:30 2025
Job was executed on host(s) <n-62-21-92>, in queue <hpc>, as user <s242777> in cluster <dcc> at Thu Apr  3 20:29:31 2025
</zhome/2c/a/213957> was used as the home directory.
</zhome/2c/a/213957/malaka_performance/source_MMB> was used as the working directory.
Started at Thu Apr  3 20:29:31 2025
Terminated at Thu Apr  3 20:29:40 2025
Results reported at Thu Apr  3 20:29:40 2025

Your job looked like:

------------------------------------------------------------
# LSBATCH: User input
#!/bin/bash
#BSUB -J timing
#BSUB -q hpc
#BUSB -n 1
#BSUB -W 5
#BSUB -R "span[hosts=1]"
#BSUB -R "rusage[mem=1GB]"
#BSUB -R "select[model == XeonE5_2650v4]"
#BSUB -o batch_output/time_jacobi_%J.out
#BSUB -e batch_output/time_jacobi_%J.err

source /dtu/projects/02613_2025/conda/conda_init.sh
conda activate 02613

kernprof -l "simulate.py" 1
------------------------------------------------------------

Successfully completed.

Resource usage summary:

    CPU time :                                   8.56 sec.
    Max Memory :                                 -
    Average Memory :                             -
    Total Requested Memory :                     1024.00 MB
    Delta Memory :                               -
    Max Swap :                                   -
    Max Processes :                              -
    Max Threads :                                -
    Run time :                                   9 sec.
    Turnaround time :                            10 sec.

The output (if any) is above this job summary.



PS:

Read file <batch_output/time_jacobi_24568523.err> for stderr output of this job.

