
------------------------------------------------------------
Sender: LSF System <lsfadmin@hpc.dtu.dk>
Subject: Job 24805365: <cupy20_000_100images> in cluster <dcc> Exited

Job <cupy20_000_100images> was submitted from host <n-62-30-3> by user <s242777> in cluster <dcc> at Fri Apr 25 19:36:59 2025
Job was executed on host(s) <4*n-62-12-22>, in queue <c02613>, as user <s242777> in cluster <dcc> at Fri Apr 25 19:37:01 2025
</zhome/2c/a/213957> was used as the home directory.
</zhome/2c/a/213957/malaka_performance/source_MMB/ex10> was used as the working directory.
Started at Fri Apr 25 19:37:01 2025
Terminated at Fri Apr 25 19:37:33 2025
Results reported at Fri Apr 25 19:37:33 2025

Your job looked like:

------------------------------------------------------------
# LSBATCH: User input
#!/bin/sh
#BSUB -q c02613
#BSUB -J cupy20_000_100images
#BSUB -n 4
#BSUB -R "span[hosts=1]"
#BSUB -R "rusage[mem=512MB]"
#BSUB -gpu "num=1:mode=exclusive_process"
#BSUB -W 1:00
#BSUB -o profiling/cupy20_000_100_regular_%J.out
#BSUB -e profiling/cupy20_000_100_regular_%J.err

source /dtu/projects/02613_2025/conda/conda_init.sh
conda activate 02613

nsys profile -o cupy_profiler_regular python cupy_script.py 100
nsys stats cupy_profiler_regular.nsys-rep

------------------------------------------------------------

TERM_OWNER: job killed by owner.
Exited with signal termination: 14.

Resource usage summary:

    CPU time :                                   22.00 sec.
    Max Memory :                                 972 MB
    Average Memory :                             308.00 MB
    Total Requested Memory :                     2048.00 MB
    Delta Memory :                               1076.00 MB
    Max Swap :                                   -
    Max Processes :                              8
    Max Threads :                                30
    Run time :                                   205 sec.
    Turnaround time :                            34 sec.

The output (if any) is above this job summary.



PS:

Read file <profiling/cupy20_000_100_regular_24805365.err> for stderr output of this job.

